<?xml version="1.0" encoding="UTF-8"?>
<testsuite xmlns:xsi="http://www.w3.org/2001/XMLSchema-instance" xsi:noNamespaceSchemaLocation="https://maven.apache.org/surefire/maven-surefire-plugin/xsd/surefire-test-report.xsd" name="TestSuite" time="39.553" tests="2" errors="0" skipped="1" failures="1">
  <properties>
[...]
</properties>
  <testcase name="setup" classname="DBATestcases.LoginTestcase" time="39.459">
    <failure message="Cannot invoke &quot;io.appium.java_client.android.AndroidDriver.manage()&quot; because &quot;com.Lead.qa.base.TestBase.driver&quot; is null" type="java.lang.NullPointerException">java.lang.NullPointerException: Cannot invoke "io.appium.java_client.android.AndroidDriver.manage()" because "com.Lead.qa.base.TestBase.driver" is null
	at DBATestcases.LoginTestcase.setup(LoginTestcase.java:60)
</failure>
    <system-out><![CDATA[[TestNGContentHandler] [WARN] It is strongly recommended to add "<!DOCTYPE suite SYSTEM "http://testng.org/testng-1.0.dtd" >" at the top of your file, otherwise TestNG may fail or not work as expected.
10-29-2021 13:50:36 TestBase.java DEBUG [main] devpinoyLogger 53 - config.properties file loaded
10-29-2021 13:50:36 TestBase.java DEBUG [main] devpinoyLogger 63 - or.properties file loaded
Method Started
10-29-2021 13:51:15 TestBase.java DEBUG [main] devpinoyLogger 99 - null browser invoked
]]></system-out>
    <system-err><![CDATA[log4j:WARN No such property [maxBackupIndex] in org.apache.log4j.FileAppender.
log4j:WARN No such property [maxFileSize] in org.apache.log4j.FileAppender.
]]></system-err>
  </testcase>
  <testcase name="LoginValid" classname="DBATestcases.LoginTestcase" time="0">
    <skipped message="Cannot invoke &quot;io.appium.java_client.android.AndroidDriver.manage()&quot; because &quot;com.Lead.qa.base.TestBase.driver&quot; is null"/>
  </testcase>
</testsuite>