-------------------------------------------------------------------------------
Test set: TestSuite
-------------------------------------------------------------------------------
Tests run: 2, Failures: 1, Errors: 0, Skipped: 1, Time elapsed: 39.553 s <<< FAILURE! - in TestSuite
setup(DBATestcases.LoginTestcase)  Time elapsed: 39.459 s  <<< FAILURE!
java.lang.NullPointerException: Cannot invoke "io.appium.java_client.android.AndroidDriver.manage()" because "com.Lead.qa.base.TestBase.driver" is null
	at DBATestcases.LoginTestcase.setup(LoginTestcase.java:60)

