<?xml version="1.0" encoding="UTF-8"?>
<!-- Generated by org.testng.reporters.JUnitXMLReporter -->
<testsuite ignored="0" hostname="LAPTOP-QF45DOT0" failures="0" tests="1" name="Test" time="38.86" errors="0" timestamp="29 Oct 2021 08:21:15 GMT">
  <testcase classname="DBATestcases.LoginTestcase" name="@BeforeMethod setup" time="38.445">
    <failure type="java.lang.NullPointerException" message="Cannot invoke &amp;quot;io.appium.java_client.android.AndroidDriver.manage()&amp;quot; because &amp;quot;com.Lead.qa.base.TestBase.driver&amp;quot; is null">
      <![CDATA[java.lang.NullPointerException: Cannot invoke "io.appium.java_client.android.AndroidDriver.manage()" because "com.Lead.qa.base.TestBase.driver" is null
	at com.Lead.qa.base.TestBase.initialization(TestBase.java:103)
	at DBATestcases.LoginTestcase.setup(LoginTestcase.java:60)
... Removed 31 stack frames]]>
    </failure>
  </testcase> <!-- @BeforeMethod setup -->
  <testcase classname="DBATestcases.LoginTestcase" name="LoginValid" time="0.0">
    <skipped/>
  </testcase> <!-- LoginValid -->
</testsuite> <!-- Test -->
